<?xml version="1.0" encoding="UTF-8"?>
<!-- Generated by org.testng.reporters.JUnitXMLReporter -->
<testsuite ignored="0" hostname="DESKTOP-CI74CGQ" failures="0" tests="3" name="Default test" time="5.557" errors="0" timestamp="2026-03-29T18:16:43 IST">
  <testcase classname="com.qa.api.gorest.tests.CreateUserTest" name="createUserTest" time="3.948"/>
  <testcase classname="com.qa.api.gorest.tests.CreateUserTest" name="createUserTestWithJsonFile" time="0.302"/>
  <testcase classname="com.qa.api.gorest.tests.CreateUserTest" name="createUserTestWithJsonString" time="0.26"/>
</testsuite> <!-- Default test -->
