<?xml version="1.0" encoding="UTF-8"?>
<testng-results ignored="0" total="3" passed="3" failed="0" skipped="0">
  <reporter-output>
  </reporter-output>
  <suite started-at="2026-03-29T18:16:37 IST" name="Default suite" finished-at="2026-03-29T18:16:43 IST" duration-ms="5557">
    <groups>
    </groups>
    <test started-at="2026-03-29T18:16:37 IST" name="Default test" finished-at="2026-03-29T18:16:43 IST" duration-ms="5557">
      <class name="com.qa.api.gorest.tests.CreateUserTest">
        <test-method is-config="true" signature="setup()[pri:0, instance:com.qa.api.gorest.tests.CreateUserTest@34e9fd99]" started-at="2026-03-29T18:16:37 IST" name="setup" finished-at="2026-03-29T18:16:38 IST" duration-ms="945" status="PASS">
          <reporter-output>
          </reporter-output>
        </test-method> <!-- setup -->
        <test-method signature="createUserTest()[pri:0, instance:com.qa.api.gorest.tests.CreateUserTest@34e9fd99]" started-at="2026-03-29T18:16:38 IST" name="createUserTest" finished-at="2026-03-29T18:16:42 IST" duration-ms="3948" status="PASS">
          <reporter-output>
          </reporter-output>
        </test-method> <!-- createUserTest -->
        <test-method signature="createUserTestWithJsonFile()[pri:0, instance:com.qa.api.gorest.tests.CreateUserTest@34e9fd99]" started-at="2026-03-29T18:16:42 IST" name="createUserTestWithJsonFile" finished-at="2026-03-29T18:16:42 IST" duration-ms="302" status="PASS">
          <reporter-output>
          </reporter-output>
        </test-method> <!-- createUserTestWithJsonFile -->
        <test-method signature="createUserTestWithJsonString()[pri:0, instance:com.qa.api.gorest.tests.CreateUserTest@34e9fd99]" started-at="2026-03-29T18:16:42 IST" name="createUserTestWithJsonString" finished-at="2026-03-29T18:16:43 IST" duration-ms="260" status="PASS">
          <reporter-output>
          </reporter-output>
        </test-method> <!-- createUserTestWithJsonString -->
      </class> <!-- com.qa.api.gorest.tests.CreateUserTest -->
    </test> <!-- Default test -->
  </suite> <!-- Default suite -->
</testng-results>
