<?xml version="1.0" encoding="UTF-8"?>
<!-- Generated by org.testng.reporters.JUnitReportReporter -->
<testsuite hostname="DESKTOP-CI74CGQ" failures="0" tests="3" name="com.qa.api.gorest.tests.CreateUserTest" time="4.510" errors="0" timestamp="2026-03-29T18:16:43 IST" skipped="0">
  <testcase classname="com.qa.api.gorest.tests.CreateUserTest" name="createUserTestWithJsonString" time="0.260"/>
  <testcase classname="com.qa.api.gorest.tests.CreateUserTest" name="createUserTestWithJsonFile" time="0.302"/>
  <testcase classname="com.qa.api.gorest.tests.CreateUserTest" name="createUserTest" time="3.948"/>
</testsuite> <!-- com.qa.api.gorest.tests.CreateUserTest -->
