<?xml version="1.0" encoding="UTF-8"?>
<!-- Generated by org.testng.reporters.JUnitReportReporter -->
<testsuite hostname="DESKTOP-CI74CGQ" failures="0" tests="3" name="com.qa.api.gorest.tests.GetUserTest" time="3.797" errors="0" timestamp="2026-03-29T16:16:59 IST" skipped="0">
  <testcase classname="com.qa.api.gorest.tests.GetUserTest" name="getAllUsersTest" time="2.215"/>
  <testcase classname="com.qa.api.gorest.tests.GetUserTest" name="getSingleUserTest" time="1.295"/>
  <testcase classname="com.qa.api.gorest.tests.GetUserTest" name="getAllUsersWithQueryParamTest" time="0.287"/>
</testsuite> <!-- com.qa.api.gorest.tests.GetUserTest -->
